SF:lib/core/utils/islamic_utils.dart
DA:8,0
DA:20,1
DA:22,2
DA:23,2
DA:24,3
DA:26,3
DA:27,4
DA:28,5
DA:30,3
DA:33,2
DA:37,1
DA:38,1
DA:45,1
DA:48,3
DA:49,3
DA:51,6
DA:52,8
DA:53,5
DA:55,5
DA:57,1
DA:61,1
DA:62,1
DA:66,1
DA:67,1
DA:68,1
DA:72,1
DA:73,1
DA:74,1
DA:78,1
DA:82,1
DA:83,1
DA:86,1
DA:90,1
DA:92,1
DA:94,1
DA:95,1
DA:96,1
DA:97,1
DA:98,1
DA:99,0
DA:100,1
DA:101,1
DA:102,0
DA:103,0
DA:104,0
DA:105,0
DA:110,1
DA:111,1
DA:115,1
DA:116,1
DA:120,0
DA:121,0
DA:125,1
DA:126,1
DA:132,6
DA:136,1
DA:137,1
DA:143,6
DA:147,1
DA:148,1
DA:149,1
DA:151,2
DA:153,0
DA:155,0
DA:157,0
DA:159,0
DA:167,1
DA:168,1
DA:169,2
DA:173,1
DA:174,1
DA:176,0
DA:177,0
DA:178,0
DA:182,1
DA:184,1
DA:188,0
DA:189,0
DA:204,0
DA:206,0
DA:207,0
DA:210,0
DA:211,0
DA:215,1
DA:217,1
DA:218,1
DA:223,1
DA:224,2
DA:225,3
DA:229,1
DA:234,1
DA:239,1
DA:242,0
DA:249,1
DA:256,2
DA:257,1
DA:264,0
DA:266,0
DA:267,0
DA:273,1
DA:274,1
DA:277,2
DA:278,2
DA:279,0
DA:285,1
DA:291,1
DA:296,2
DA:297,1
DA:299,1
DA:301,2
DA:306,2
DA:307,1
DA:309,0
DA:310,0
DA:313,2
DA:317,2
DA:318,2
DA:319,2
DA:320,1
DA:322,1
DA:323,2
DA:325,1
DA:326,2
LF:123
LH:94
end_of_record
